<?xml version="1.0" encoding="UTF-8"?>
<testsuite xmlns:xsi="http://www.w3.org/2001/XMLSchema-instance" xsi:noNamespaceSchemaLocation="https://maven.apache.org/surefire/maven-surefire-plugin/xsd/surefire-test-report.xsd" name="com.itheima.reggie.ReggieTakeOutApplicationTests" time="3.824" tests="1" errors="0" skipped="0" failures="0">
  <properties>
    <property name="sun.desktop" value="windows"/>
    <property name="awt.toolkit" value="sun.awt.windows.WToolkit"/>
    <property name="file.encoding.pkg" value="sun.io"/>
    <property name="java.specification.version" value="1.8"/>
    <property name="sun.cpu.isalist" value="amd64"/>
    <property name="sun.jnu.encoding" value="GBK"/>
    <property name="java.class.path" value="D:\workspace\reggie\target\test-classes;D:\workspace\reggie\target\classes;E:\develop\apache-maven-3.6.1\mvn_resp\org\springframework\boot\spring-boot-starter-mail\2.6.12\spring-boot-starter-mail-2.6.12.jar;E:\develop\apache-maven-3.6.1\mvn_resp\org\springframework\spring-context-support\5.3.23\spring-context-support-5.3.23.jar;E:\develop\apache-maven-3.6.1\mvn_resp\org\springframework\spring-beans\5.3.23\spring-beans-5.3.23.jar;E:\develop\apache-maven-3.6.1\mvn_resp\org\springframework\spring-context\5.3.23\spring-context-5.3.23.jar;E:\develop\apache-maven-3.6.1\mvn_resp\com\sun\mail\jakarta.mail\1.6.7\jakarta.mail-1.6.7.jar;E:\develop\apache-maven-3.6.1\mvn_resp\com\sun\activation\jakarta.activation\1.2.2\jakarta.activation-1.2.2.jar;E:\develop\apache-maven-3.6.1\mvn_resp\org\springframework\boot\spring-boot-starter-thymeleaf\2.6.12\spring-boot-starter-thymeleaf-2.6.12.jar;E:\develop\apache-maven-3.6.1\mvn_resp\org\thymeleaf\thymeleaf-spring5\3.0.15.RELEASE\thymeleaf-spring5-3.0.15.RELEASE.jar;E:\develop\apache-maven-3.6.1\mvn_resp\org\thymeleaf\thymeleaf\3.0.15.RELEASE\thymeleaf-3.0.15.RELEASE.jar;E:\develop\apache-maven-3.6.1\mvn_resp\org\attoparser\attoparser\2.0.5.RELEASE\attoparser-2.0.5.RELEASE.jar;E:\develop\apache-maven-3.6.1\mvn_resp\org\unbescape\unbescape\1.1.6.RELEASE\unbescape-1.1.6.RELEASE.jar;E:\develop\apache-maven-3.6.1\mvn_resp\org\thymeleaf\extras\thymeleaf-extras-java8time\3.0.4.RELEASE\thymeleaf-extras-java8time-3.0.4.RELEASE.jar;E:\develop\apache-maven-3.6.1\mvn_resp\org\springframework\boot\spring-boot-starter\2.6.12\spring-boot-starter-2.6.12.jar;E:\develop\apache-maven-3.6.1\mvn_resp\org\springframework\boot\spring-boot\2.6.12\spring-boot-2.6.12.jar;E:\develop\apache-maven-3.6.1\mvn_resp\org\springframework\boot\spring-boot-autoconfigure\2.6.12\spring-boot-autoconfigure-2.6.12.jar;E:\develop\apache-maven-3.6.1\mvn_resp\org\springframework\boot\spring-boot-starter-logging\2.6.12\spring-boot-starter-logging-2.6.12.jar;E:\develop\apache-maven-3.6.1\mvn_resp\ch\qos\logback\logback-classic\1.2.11\logback-classic-1.2.11.jar;E:\develop\apache-maven-3.6.1\mvn_resp\ch\qos\logback\logback-core\1.2.11\logback-core-1.2.11.jar;E:\develop\apache-maven-3.6.1\mvn_resp\org\apache\logging\log4j\log4j-to-slf4j\2.17.2\log4j-to-slf4j-2.17.2.jar;E:\develop\apache-maven-3.6.1\mvn_resp\org\apache\logging\log4j\log4j-api\2.17.2\log4j-api-2.17.2.jar;E:\develop\apache-maven-3.6.1\mvn_resp\org\slf4j\jul-to-slf4j\1.7.36\jul-to-slf4j-1.7.36.jar;E:\develop\apache-maven-3.6.1\mvn_resp\jakarta\annotation\jakarta.annotation-api\1.3.5\jakarta.annotation-api-1.3.5.jar;E:\develop\apache-maven-3.6.1\mvn_resp\org\springframework\spring-core\5.3.23\spring-core-5.3.23.jar;E:\develop\apache-maven-3.6.1\mvn_resp\org\springframework\spring-jcl\5.3.23\spring-jcl-5.3.23.jar;E:\develop\apache-maven-3.6.1\mvn_resp\org\yaml\snakeyaml\1.29\snakeyaml-1.29.jar;E:\develop\apache-maven-3.6.1\mvn_resp\org\springframework\boot\spring-boot-starter-test\2.6.12\spring-boot-starter-test-2.6.12.jar;E:\develop\apache-maven-3.6.1\mvn_resp\org\springframework\boot\spring-boot-test\2.6.12\spring-boot-test-2.6.12.jar;E:\develop\apache-maven-3.6.1\mvn_resp\org\springframework\boot\spring-boot-test-autoconfigure\2.6.12\spring-boot-test-autoconfigure-2.6.12.jar;E:\develop\apache-maven-3.6.1\mvn_resp\com\jayway\jsonpath\json-path\2.6.0\json-path-2.6.0.jar;E:\develop\apache-maven-3.6.1\mvn_resp\net\minidev\json-smart\2.4.8\json-smart-2.4.8.jar;E:\develop\apache-maven-3.6.1\mvn_resp\net\minidev\accessors-smart\2.4.8\accessors-smart-2.4.8.jar;E:\develop\apache-maven-3.6.1\mvn_resp\org\ow2\asm\asm\9.1\asm-9.1.jar;E:\develop\apache-maven-3.6.1\mvn_resp\jakarta\xml\bind\jakarta.xml.bind-api\2.3.3\jakarta.xml.bind-api-2.3.3.jar;E:\develop\apache-maven-3.6.1\mvn_resp\jakarta\activation\jakarta.activation-api\1.2.2\jakarta.activation-api-1.2.2.jar;E:\develop\apache-maven-3.6.1\mvn_resp\org\assertj\assertj-core\3.21.0\assertj-core-3.21.0.jar;E:\develop\apache-maven-3.6.1\mvn_resp\org\hamcrest\hamcrest\2.2\hamcrest-2.2.jar;E:\develop\apache-maven-3.6.1\mvn_resp\org\junit\jupiter\junit-jupiter\5.8.2\junit-jupiter-5.8.2.jar;E:\develop\apache-maven-3.6.1\mvn_resp\org\junit\jupiter\junit-jupiter-api\5.8.2\junit-jupiter-api-5.8.2.jar;E:\develop\apache-maven-3.6.1\mvn_resp\org\opentest4j\opentest4j\1.2.0\opentest4j-1.2.0.jar;E:\develop\apache-maven-3.6.1\mvn_resp\org\junit\platform\junit-platform-commons\1.8.2\junit-platform-commons-1.8.2.jar;E:\develop\apache-maven-3.6.1\mvn_resp\org\apiguardian\apiguardian-api\1.1.2\apiguardian-api-1.1.2.jar;E:\develop\apache-maven-3.6.1\mvn_resp\org\junit\jupiter\junit-jupiter-params\5.8.2\junit-jupiter-params-5.8.2.jar;E:\develop\apache-maven-3.6.1\mvn_resp\org\junit\jupiter\junit-jupiter-engine\5.8.2\junit-jupiter-engine-5.8.2.jar;E:\develop\apache-maven-3.6.1\mvn_resp\org\junit\platform\junit-platform-engine\1.8.2\junit-platform-engine-1.8.2.jar;E:\develop\apache-maven-3.6.1\mvn_resp\org\mockito\mockito-core\4.0.0\mockito-core-4.0.0.jar;E:\develop\apache-maven-3.6.1\mvn_resp\net\bytebuddy\byte-buddy\1.11.22\byte-buddy-1.11.22.jar;E:\develop\apache-maven-3.6.1\mvn_resp\net\bytebuddy\byte-buddy-agent\1.11.22\byte-buddy-agent-1.11.22.jar;E:\develop\apache-maven-3.6.1\mvn_resp\org\objenesis\objenesis\3.2\objenesis-3.2.jar;E:\develop\apache-maven-3.6.1\mvn_resp\org\mockito\mockito-junit-jupiter\4.0.0\mockito-junit-jupiter-4.0.0.jar;E:\develop\apache-maven-3.6.1\mvn_resp\org\skyscreamer\jsonassert\1.5.1\jsonassert-1.5.1.jar;E:\develop\apache-maven-3.6.1\mvn_resp\com\vaadin\external\google\android-json\0.0.20131108.vaadin1\android-json-0.0.20131108.vaadin1.jar;E:\develop\apache-maven-3.6.1\mvn_resp\org\springframework\spring-test\5.3.23\spring-test-5.3.23.jar;E:\develop\apache-maven-3.6.1\mvn_resp\org\xmlunit\xmlunit-core\2.8.4\xmlunit-core-2.8.4.jar;E:\develop\apache-maven-3.6.1\mvn_resp\org\springframework\boot\spring-boot-starter-web\2.6.12\spring-boot-starter-web-2.6.12.jar;E:\develop\apache-maven-3.6.1\mvn_resp\org\springframework\boot\spring-boot-starter-json\2.6.12\spring-boot-starter-json-2.6.12.jar;E:\develop\apache-maven-3.6.1\mvn_resp\com\fasterxml\jackson\core\jackson-databind\2.13.4\jackson-databind-2.13.4.jar;E:\develop\apache-maven-3.6.1\mvn_resp\com\fasterxml\jackson\core\jackson-annotations\2.13.4\jackson-annotations-2.13.4.jar;E:\develop\apache-maven-3.6.1\mvn_resp\com\fasterxml\jackson\core\jackson-core\2.13.4\jackson-core-2.13.4.jar;E:\develop\apache-maven-3.6.1\mvn_resp\com\fasterxml\jackson\datatype\jackson-datatype-jdk8\2.13.4\jackson-datatype-jdk8-2.13.4.jar;E:\develop\apache-maven-3.6.1\mvn_resp\com\fasterxml\jackson\datatype\jackson-datatype-jsr310\2.13.4\jackson-datatype-jsr310-2.13.4.jar;E:\develop\apache-maven-3.6.1\mvn_resp\com\fasterxml\jackson\module\jackson-module-parameter-names\2.13.4\jackson-module-parameter-names-2.13.4.jar;E:\develop\apache-maven-3.6.1\mvn_resp\org\springframework\boot\spring-boot-starter-tomcat\2.6.12\spring-boot-starter-tomcat-2.6.12.jar;E:\develop\apache-maven-3.6.1\mvn_resp\org\apache\tomcat\embed\tomcat-embed-core\9.0.65\tomcat-embed-core-9.0.65.jar;E:\develop\apache-maven-3.6.1\mvn_resp\org\apache\tomcat\embed\tomcat-embed-el\9.0.65\tomcat-embed-el-9.0.65.jar;E:\develop\apache-maven-3.6.1\mvn_resp\org\apache\tomcat\embed\tomcat-embed-websocket\9.0.65\tomcat-embed-websocket-9.0.65.jar;E:\develop\apache-maven-3.6.1\mvn_resp\org\springframework\spring-web\5.3.23\spring-web-5.3.23.jar;E:\develop\apache-maven-3.6.1\mvn_resp\org\springframework\spring-webmvc\5.3.23\spring-webmvc-5.3.23.jar;E:\develop\apache-maven-3.6.1\mvn_resp\org\springframework\spring-aop\5.3.23\spring-aop-5.3.23.jar;E:\develop\apache-maven-3.6.1\mvn_resp\org\springframework\spring-expression\5.3.23\spring-expression-5.3.23.jar;E:\develop\apache-maven-3.6.1\mvn_resp\com\baomidou\mybatis-plus-boot-starter\3.5.2\mybatis-plus-boot-starter-3.5.2.jar;E:\develop\apache-maven-3.6.1\mvn_resp\com\baomidou\mybatis-plus\3.5.2\mybatis-plus-3.5.2.jar;E:\develop\apache-maven-3.6.1\mvn_resp\com\baomidou\mybatis-plus-extension\3.5.2\mybatis-plus-extension-3.5.2.jar;E:\develop\apache-maven-3.6.1\mvn_resp\com\baomidou\mybatis-plus-core\3.5.2\mybatis-plus-core-3.5.2.jar;E:\develop\apache-maven-3.6.1\mvn_resp\com\baomidou\mybatis-plus-annotation\3.5.2\mybatis-plus-annotation-3.5.2.jar;E:\develop\apache-maven-3.6.1\mvn_resp\com\github\jsqlparser\jsqlparser\4.4\jsqlparser-4.4.jar;E:\develop\apache-maven-3.6.1\mvn_resp\org\mybatis\mybatis\3.5.10\mybatis-3.5.10.jar;E:\develop\apache-maven-3.6.1\mvn_resp\org\mybatis\mybatis-spring\2.0.7\mybatis-spring-2.0.7.jar;E:\develop\apache-maven-3.6.1\mvn_resp\org\jetbrains\kotlin\kotlin-stdlib-jdk8\1.6.21\kotlin-stdlib-jdk8-1.6.21.jar;E:\develop\apache-maven-3.6.1\mvn_resp\org\jetbrains\kotlin\kotlin-stdlib\1.6.21\kotlin-stdlib-1.6.21.jar;E:\develop\apache-maven-3.6.1\mvn_resp\org\jetbrains\kotlin\kotlin-stdlib-common\1.6.21\kotlin-stdlib-common-1.6.21.jar;E:\develop\apache-maven-3.6.1\mvn_resp\org\jetbrains\annotations\13.0\annotations-13.0.jar;E:\develop\apache-maven-3.6.1\mvn_resp\org\jetbrains\kotlin\kotlin-stdlib-jdk7\1.6.21\kotlin-stdlib-jdk7-1.6.21.jar;E:\develop\apache-maven-3.6.1\mvn_resp\org\springframework\boot\spring-boot-starter-jdbc\2.6.12\spring-boot-starter-jdbc-2.6.12.jar;E:\develop\apache-maven-3.6.1\mvn_resp\com\zaxxer\HikariCP\4.0.3\HikariCP-4.0.3.jar;E:\develop\apache-maven-3.6.1\mvn_resp\org\springframework\spring-jdbc\5.3.23\spring-jdbc-5.3.23.jar;E:\develop\apache-maven-3.6.1\mvn_resp\org\springframework\spring-tx\5.3.23\spring-tx-5.3.23.jar;E:\develop\apache-maven-3.6.1\mvn_resp\org\projectlombok\lombok\1.18.24\lombok-1.18.24.jar;E:\develop\apache-maven-3.6.1\mvn_resp\com\alibaba\fastjson\2.0.14\fastjson-2.0.14.jar;E:\develop\apache-maven-3.6.1\mvn_resp\com\alibaba\fastjson2\fastjson2-extension\2.0.14\fastjson2-extension-2.0.14.jar;E:\develop\apache-maven-3.6.1\mvn_resp\com\alibaba\fastjson2\fastjson2\2.0.14\fastjson2-2.0.14.jar;E:\develop\apache-maven-3.6.1\mvn_resp\commons-lang\commons-lang\2.6\commons-lang-2.6.jar;E:\develop\apache-maven-3.6.1\mvn_resp\mysql\mysql-connector-java\8.0.30\mysql-connector-java-8.0.30.jar;E:\develop\apache-maven-3.6.1\mvn_resp\com\alibaba\druid-spring-boot-starter\1.2.13-SNSAPSHOT\druid-spring-boot-starter-1.2.13-SNSAPSHOT.jar;E:\develop\apache-maven-3.6.1\mvn_resp\com\alibaba\druid\1.2.13-SNSAPSHOT\druid-1.2.13-SNSAPSHOT.jar;E:\develop\apache-maven-3.6.1\mvn_resp\org\slf4j\slf4j-api\1.7.36\slf4j-api-1.7.36.jar;"/>
    <property name="java.vm.vendor" value="Oracle Corporation"/>
    <property name="sun.arch.data.model" value="64"/>
    <property name="user.variant" value=""/>
    <property name="java.vendor.url" value="http://java.oracle.com/"/>
    <property name="user.timezone" value="Asia/Shanghai"/>
    <property name="java.vm.specification.version" value="1.8"/>
    <property name="os.name" value="Windows 10"/>
    <property name="user.country" value="CN"/>
    <property name="sun.java.launcher" value="SUN_STANDARD"/>
    <property name="sun.boot.library.path" value="E:\jdk\jre\bin"/>
    <property name="sun.java.command" value="C:\Users\LJC\AppData\Local\Temp\surefire771612429016523460\surefirebooter4988324104167323619.jar C:\Users\LJC\AppData\Local\Temp\surefire771612429016523460 2022-10-30T03-01-05_749-jvmRun1 surefire908344491813484281tmp surefire_03736051572071160361tmp"/>
    <property name="surefire.test.class.path" value="D:\workspace\reggie\target\test-classes;D:\workspace\reggie\target\classes;E:\develop\apache-maven-3.6.1\mvn_resp\org\springframework\boot\spring-boot-starter-mail\2.6.12\spring-boot-starter-mail-2.6.12.jar;E:\develop\apache-maven-3.6.1\mvn_resp\org\springframework\spring-context-support\5.3.23\spring-context-support-5.3.23.jar;E:\develop\apache-maven-3.6.1\mvn_resp\org\springframework\spring-beans\5.3.23\spring-beans-5.3.23.jar;E:\develop\apache-maven-3.6.1\mvn_resp\org\springframework\spring-context\5.3.23\spring-context-5.3.23.jar;E:\develop\apache-maven-3.6.1\mvn_resp\com\sun\mail\jakarta.mail\1.6.7\jakarta.mail-1.6.7.jar;E:\develop\apache-maven-3.6.1\mvn_resp\com\sun\activation\jakarta.activation\1.2.2\jakarta.activation-1.2.2.jar;E:\develop\apache-maven-3.6.1\mvn_resp\org\springframework\boot\spring-boot-starter-thymeleaf\2.6.12\spring-boot-starter-thymeleaf-2.6.12.jar;E:\develop\apache-maven-3.6.1\mvn_resp\org\thymeleaf\thymeleaf-spring5\3.0.15.RELEASE\thymeleaf-spring5-3.0.15.RELEASE.jar;E:\develop\apache-maven-3.6.1\mvn_resp\org\thymeleaf\thymeleaf\3.0.15.RELEASE\thymeleaf-3.0.15.RELEASE.jar;E:\develop\apache-maven-3.6.1\mvn_resp\org\attoparser\attoparser\2.0.5.RELEASE\attoparser-2.0.5.RELEASE.jar;E:\develop\apache-maven-3.6.1\mvn_resp\org\unbescape\unbescape\1.1.6.RELEASE\unbescape-1.1.6.RELEASE.jar;E:\develop\apache-maven-3.6.1\mvn_resp\org\thymeleaf\extras\thymeleaf-extras-java8time\3.0.4.RELEASE\thymeleaf-extras-java8time-3.0.4.RELEASE.jar;E:\develop\apache-maven-3.6.1\mvn_resp\org\springframework\boot\spring-boot-starter\2.6.12\spring-boot-starter-2.6.12.jar;E:\develop\apache-maven-3.6.1\mvn_resp\org\springframework\boot\spring-boot\2.6.12\spring-boot-2.6.12.jar;E:\develop\apache-maven-3.6.1\mvn_resp\org\springframework\boot\spring-boot-autoconfigure\2.6.12\spring-boot-autoconfigure-2.6.12.jar;E:\develop\apache-maven-3.6.1\mvn_resp\org\springframework\boot\spring-boot-starter-logging\2.6.12\spring-boot-starter-logging-2.6.12.jar;E:\develop\apache-maven-3.6.1\mvn_resp\ch\qos\logback\logback-classic\1.2.11\logback-classic-1.2.11.jar;E:\develop\apache-maven-3.6.1\mvn_resp\ch\qos\logback\logback-core\1.2.11\logback-core-1.2.11.jar;E:\develop\apache-maven-3.6.1\mvn_resp\org\apache\logging\log4j\log4j-to-slf4j\2.17.2\log4j-to-slf4j-2.17.2.jar;E:\develop\apache-maven-3.6.1\mvn_resp\org\apache\logging\log4j\log4j-api\2.17.2\log4j-api-2.17.2.jar;E:\develop\apache-maven-3.6.1\mvn_resp\org\slf4j\jul-to-slf4j\1.7.36\jul-to-slf4j-1.7.36.jar;E:\develop\apache-maven-3.6.1\mvn_resp\jakarta\annotation\jakarta.annotation-api\1.3.5\jakarta.annotation-api-1.3.5.jar;E:\develop\apache-maven-3.6.1\mvn_resp\org\springframework\spring-core\5.3.23\spring-core-5.3.23.jar;E:\develop\apache-maven-3.6.1\mvn_resp\org\springframework\spring-jcl\5.3.23\spring-jcl-5.3.23.jar;E:\develop\apache-maven-3.6.1\mvn_resp\org\yaml\snakeyaml\1.29\snakeyaml-1.29.jar;E:\develop\apache-maven-3.6.1\mvn_resp\org\springframework\boot\spring-boot-starter-test\2.6.12\spring-boot-starter-test-2.6.12.jar;E:\develop\apache-maven-3.6.1\mvn_resp\org\springframework\boot\spring-boot-test\2.6.12\spring-boot-test-2.6.12.jar;E:\develop\apache-maven-3.6.1\mvn_resp\org\springframework\boot\spring-boot-test-autoconfigure\2.6.12\spring-boot-test-autoconfigure-2.6.12.jar;E:\develop\apache-maven-3.6.1\mvn_resp\com\jayway\jsonpath\json-path\2.6.0\json-path-2.6.0.jar;E:\develop\apache-maven-3.6.1\mvn_resp\net\minidev\json-smart\2.4.8\json-smart-2.4.8.jar;E:\develop\apache-maven-3.6.1\mvn_resp\net\minidev\accessors-smart\2.4.8\accessors-smart-2.4.8.jar;E:\develop\apache-maven-3.6.1\mvn_resp\org\ow2\asm\asm\9.1\asm-9.1.jar;E:\develop\apache-maven-3.6.1\mvn_resp\jakarta\xml\bind\jakarta.xml.bind-api\2.3.3\jakarta.xml.bind-api-2.3.3.jar;E:\develop\apache-maven-3.6.1\mvn_resp\jakarta\activation\jakarta.activation-api\1.2.2\jakarta.activation-api-1.2.2.jar;E:\develop\apache-maven-3.6.1\mvn_resp\org\assertj\assertj-core\3.21.0\assertj-core-3.21.0.jar;E:\develop\apache-maven-3.6.1\mvn_resp\org\hamcrest\hamcrest\2.2\hamcrest-2.2.jar;E:\develop\apache-maven-3.6.1\mvn_resp\org\junit\jupiter\junit-jupiter\5.8.2\junit-jupiter-5.8.2.jar;E:\develop\apache-maven-3.6.1\mvn_resp\org\junit\jupiter\junit-jupiter-api\5.8.2\junit-jupiter-api-5.8.2.jar;E:\develop\apache-maven-3.6.1\mvn_resp\org\opentest4j\opentest4j\1.2.0\opentest4j-1.2.0.jar;E:\develop\apache-maven-3.6.1\mvn_resp\org\junit\platform\junit-platform-commons\1.8.2\junit-platform-commons-1.8.2.jar;E:\develop\apache-maven-3.6.1\mvn_resp\org\apiguardian\apiguardian-api\1.1.2\apiguardian-api-1.1.2.jar;E:\develop\apache-maven-3.6.1\mvn_resp\org\junit\jupiter\junit-jupiter-params\5.8.2\junit-jupiter-params-5.8.2.jar;E:\develop\apache-maven-3.6.1\mvn_resp\org\junit\jupiter\junit-jupiter-engine\5.8.2\junit-jupiter-engine-5.8.2.jar;E:\develop\apache-maven-3.6.1\mvn_resp\org\junit\platform\junit-platform-engine\1.8.2\junit-platform-engine-1.8.2.jar;E:\develop\apache-maven-3.6.1\mvn_resp\org\mockito\mockito-core\4.0.0\mockito-core-4.0.0.jar;E:\develop\apache-maven-3.6.1\mvn_resp\net\bytebuddy\byte-buddy\1.11.22\byte-buddy-1.11.22.jar;E:\develop\apache-maven-3.6.1\mvn_resp\net\bytebuddy\byte-buddy-agent\1.11.22\byte-buddy-agent-1.11.22.jar;E:\develop\apache-maven-3.6.1\mvn_resp\org\objenesis\objenesis\3.2\objenesis-3.2.jar;E:\develop\apache-maven-3.6.1\mvn_resp\org\mockito\mockito-junit-jupiter\4.0.0\mockito-junit-jupiter-4.0.0.jar;E:\develop\apache-maven-3.6.1\mvn_resp\org\skyscreamer\jsonassert\1.5.1\jsonassert-1.5.1.jar;E:\develop\apache-maven-3.6.1\mvn_resp\com\vaadin\external\google\android-json\0.0.20131108.vaadin1\android-json-0.0.20131108.vaadin1.jar;E:\develop\apache-maven-3.6.1\mvn_resp\org\springframework\spring-test\5.3.23\spring-test-5.3.23.jar;E:\develop\apache-maven-3.6.1\mvn_resp\org\xmlunit\xmlunit-core\2.8.4\xmlunit-core-2.8.4.jar;E:\develop\apache-maven-3.6.1\mvn_resp\org\springframework\boot\spring-boot-starter-web\2.6.12\spring-boot-starter-web-2.6.12.jar;E:\develop\apache-maven-3.6.1\mvn_resp\org\springframework\boot\spring-boot-starter-json\2.6.12\spring-boot-starter-json-2.6.12.jar;E:\develop\apache-maven-3.6.1\mvn_resp\com\fasterxml\jackson\core\jackson-databind\2.13.4\jackson-databind-2.13.4.jar;E:\develop\apache-maven-3.6.1\mvn_resp\com\fasterxml\jackson\core\jackson-annotations\2.13.4\jackson-annotations-2.13.4.jar;E:\develop\apache-maven-3.6.1\mvn_resp\com\fasterxml\jackson\core\jackson-core\2.13.4\jackson-core-2.13.4.jar;E:\develop\apache-maven-3.6.1\mvn_resp\com\fasterxml\jackson\datatype\jackson-datatype-jdk8\2.13.4\jackson-datatype-jdk8-2.13.4.jar;E:\develop\apache-maven-3.6.1\mvn_resp\com\fasterxml\jackson\datatype\jackson-datatype-jsr310\2.13.4\jackson-datatype-jsr310-2.13.4.jar;E:\develop\apache-maven-3.6.1\mvn_resp\com\fasterxml\jackson\module\jackson-module-parameter-names\2.13.4\jackson-module-parameter-names-2.13.4.jar;E:\develop\apache-maven-3.6.1\mvn_resp\org\springframework\boot\spring-boot-starter-tomcat\2.6.12\spring-boot-starter-tomcat-2.6.12.jar;E:\develop\apache-maven-3.6.1\mvn_resp\org\apache\tomcat\embed\tomcat-embed-core\9.0.65\tomcat-embed-core-9.0.65.jar;E:\develop\apache-maven-3.6.1\mvn_resp\org\apache\tomcat\embed\tomcat-embed-el\9.0.65\tomcat-embed-el-9.0.65.jar;E:\develop\apache-maven-3.6.1\mvn_resp\org\apache\tomcat\embed\tomcat-embed-websocket\9.0.65\tomcat-embed-websocket-9.0.65.jar;E:\develop\apache-maven-3.6.1\mvn_resp\org\springframework\spring-web\5.3.23\spring-web-5.3.23.jar;E:\develop\apache-maven-3.6.1\mvn_resp\org\springframework\spring-webmvc\5.3.23\spring-webmvc-5.3.23.jar;E:\develop\apache-maven-3.6.1\mvn_resp\org\springframework\spring-aop\5.3.23\spring-aop-5.3.23.jar;E:\develop\apache-maven-3.6.1\mvn_resp\org\springframework\spring-expression\5.3.23\spring-expression-5.3.23.jar;E:\develop\apache-maven-3.6.1\mvn_resp\com\baomidou\mybatis-plus-boot-starter\3.5.2\mybatis-plus-boot-starter-3.5.2.jar;E:\develop\apache-maven-3.6.1\mvn_resp\com\baomidou\mybatis-plus\3.5.2\mybatis-plus-3.5.2.jar;E:\develop\apache-maven-3.6.1\mvn_resp\com\baomidou\mybatis-plus-extension\3.5.2\mybatis-plus-extension-3.5.2.jar;E:\develop\apache-maven-3.6.1\mvn_resp\com\baomidou\mybatis-plus-core\3.5.2\mybatis-plus-core-3.5.2.jar;E:\develop\apache-maven-3.6.1\mvn_resp\com\baomidou\mybatis-plus-annotation\3.5.2\mybatis-plus-annotation-3.5.2.jar;E:\develop\apache-maven-3.6.1\mvn_resp\com\github\jsqlparser\jsqlparser\4.4\jsqlparser-4.4.jar;E:\develop\apache-maven-3.6.1\mvn_resp\org\mybatis\mybatis\3.5.10\mybatis-3.5.10.jar;E:\develop\apache-maven-3.6.1\mvn_resp\org\mybatis\mybatis-spring\2.0.7\mybatis-spring-2.0.7.jar;E:\develop\apache-maven-3.6.1\mvn_resp\org\jetbrains\kotlin\kotlin-stdlib-jdk8\1.6.21\kotlin-stdlib-jdk8-1.6.21.jar;E:\develop\apache-maven-3.6.1\mvn_resp\org\jetbrains\kotlin\kotlin-stdlib\1.6.21\kotlin-stdlib-1.6.21.jar;E:\develop\apache-maven-3.6.1\mvn_resp\org\jetbrains\kotlin\kotlin-stdlib-common\1.6.21\kotlin-stdlib-common-1.6.21.jar;E:\develop\apache-maven-3.6.1\mvn_resp\org\jetbrains\annotations\13.0\annotations-13.0.jar;E:\develop\apache-maven-3.6.1\mvn_resp\org\jetbrains\kotlin\kotlin-stdlib-jdk7\1.6.21\kotlin-stdlib-jdk7-1.6.21.jar;E:\develop\apache-maven-3.6.1\mvn_resp\org\springframework\boot\spring-boot-starter-jdbc\2.6.12\spring-boot-starter-jdbc-2.6.12.jar;E:\develop\apache-maven-3.6.1\mvn_resp\com\zaxxer\HikariCP\4.0.3\HikariCP-4.0.3.jar;E:\develop\apache-maven-3.6.1\mvn_resp\org\springframework\spring-jdbc\5.3.23\spring-jdbc-5.3.23.jar;E:\develop\apache-maven-3.6.1\mvn_resp\org\springframework\spring-tx\5.3.23\spring-tx-5.3.23.jar;E:\develop\apache-maven-3.6.1\mvn_resp\org\projectlombok\lombok\1.18.24\lombok-1.18.24.jar;E:\develop\apache-maven-3.6.1\mvn_resp\com\alibaba\fastjson\2.0.14\fastjson-2.0.14.jar;E:\develop\apache-maven-3.6.1\mvn_resp\com\alibaba\fastjson2\fastjson2-extension\2.0.14\fastjson2-extension-2.0.14.jar;E:\develop\apache-maven-3.6.1\mvn_resp\com\alibaba\fastjson2\fastjson2\2.0.14\fastjson2-2.0.14.jar;E:\develop\apache-maven-3.6.1\mvn_resp\commons-lang\commons-lang\2.6\commons-lang-2.6.jar;E:\develop\apache-maven-3.6.1\mvn_resp\mysql\mysql-connector-java\8.0.30\mysql-connector-java-8.0.30.jar;E:\develop\apache-maven-3.6.1\mvn_resp\com\alibaba\druid-spring-boot-starter\1.2.13-SNSAPSHOT\druid-spring-boot-starter-1.2.13-SNSAPSHOT.jar;E:\develop\apache-maven-3.6.1\mvn_resp\com\alibaba\druid\1.2.13-SNSAPSHOT\druid-1.2.13-SNSAPSHOT.jar;E:\develop\apache-maven-3.6.1\mvn_resp\org\slf4j\slf4j-api\1.7.36\slf4j-api-1.7.36.jar;"/>
    <property name="sun.cpu.endian" value="little"/>
    <property name="user.home" value="C:\Users\LJC"/>
    <property name="user.language" value="zh"/>
    <property name="java.specification.vendor" value="Oracle Corporation"/>
    <property name="java.home" value="E:\jdk\jre"/>
    <property name="basedir" value="D:\workspace\reggie"/>
    <property name="file.separator" value="\"/>
    <property name="line.separator" value="&#10;"/>
    <property name="java.vm.specification.vendor" value="Oracle Corporation"/>
    <property name="java.specification.name" value="Java Platform API Specification"/>
    <property name="java.awt.graphicsenv" value="sun.awt.Win32GraphicsEnvironment"/>
    <property name="surefire.real.class.path" value="C:\Users\LJC\AppData\Local\Temp\surefire771612429016523460\surefirebooter4988324104167323619.jar"/>
    <property name="sun.boot.class.path" value="E:\jdk\jre\lib\resources.jar;E:\jdk\jre\lib\rt.jar;E:\jdk\jre\lib\sunrsasign.jar;E:\jdk\jre\lib\jsse.jar;E:\jdk\jre\lib\jce.jar;E:\jdk\jre\lib\charsets.jar;E:\jdk\jre\lib\jfr.jar;E:\jdk\jre\classes"/>
    <property name="user.script" value=""/>
    <property name="sun.management.compiler" value="HotSpot 64-Bit Tiered Compilers"/>
    <property name="java.runtime.version" value="1.8.0_261-b12"/>
    <property name="user.name" value="LJC"/>
    <property name="path.separator" value=";"/>
    <property name="os.version" value="10.0"/>
    <property name="java.endorsed.dirs" value="E:\jdk\jre\lib\endorsed"/>
    <property name="java.runtime.name" value="Java(TM) SE Runtime Environment"/>
    <property name="file.encoding" value="GBK"/>
    <property name="java.vm.name" value="Java HotSpot(TM) 64-Bit Server VM"/>
    <property name="localRepository" value="E:\develop\apache-maven-3.6.1\mvn_resp"/>
    <property name="java.vendor.url.bug" value="http://bugreport.sun.com/bugreport/"/>
    <property name="java.io.tmpdir" value="C:\Users\LJC\AppData\Local\Temp\"/>
    <property name="idea.version" value="2021.3.3"/>
    <property name="java.version" value="1.8.0_261"/>
    <property name="user.dir" value="D:\workspace\reggie"/>
    <property name="os.arch" value="amd64"/>
    <property name="java.vm.specification.name" value="Java Virtual Machine Specification"/>
    <property name="java.awt.printerjob" value="sun.awt.windows.WPrinterJob"/>
    <property name="sun.os.patch.level" value=""/>
    <property name="java.library.path" value="E:\jdk\jre\bin;C:\Windows\Sun\Java\bin;C:\Windows\system32;C:\Windows;C:\Program Files (x86)\Common Files\Oracle\Java\javapath;C:\Program Files (x86)\Common Files\Intel\Shared Libraries\redist\intel64\compiler;C:\Windows\system32;C:\Windows;C:\Windows\System32\Wbem;C:\Windows\System32\WindowsPowerShell\v1.0\;C:\Windows\System32\OpenSSH\;E:\jdk\bin;.;E:\jdk\lib;E:\jdk\lib\tool.jar;C:\Program Files\Microsoft SQL Server\150\Tools\Binn\;C:\Program Files\MySQL\MySQL Server 8.0\\bin;D:\ProgramFiles\Git\cmd;E:\AppData\Local\Programs\Python\Python37\Scripts\;E:\AppData\Local\Programs\Python\Python37\;C:\Users\LJC\AppData\Local\Microsoft\WindowsApps;C:\Program Files\Bandizip\;E:\Visual\Microsoft VS Code\bin;E:\develop\apache-maven-3.6.1\bin;;E:\develop\idea\IntelliJ IDEA 2021.3.3\bin;;."/>
    <property name="java.vm.info" value="mixed mode"/>
    <property name="java.vendor" value="Oracle Corporation"/>
    <property name="java.vm.version" value="25.261-b12"/>
    <property name="java.ext.dirs" value="E:\jdk\jre\lib\ext;C:\Windows\Sun\Java\lib\ext"/>
    <property name="sun.io.unicode.encoding" value="UnicodeLittle"/>
    <property name="maven.repo.local" value="E:\develop\apache-maven-3.6.1\mvn_resp"/>
    <property name="java.class.version" value="52.0"/>
  </properties>
  <testcase name="contextLoads" classname="com.itheima.reggie.ReggieTakeOutApplicationTests" time="0.183"/>
</testsuite>